<?xml version="1.0" encoding="UTF-8"?>
<!-- Generated by org.testng.reporters.JUnitXMLReporter -->
<testsuite ignored="1" hostname="TYSS-Chaithra" failures="1" tests="1" name="Default test(failed)" time="9.313" errors="0" timestamp="2025-05-07T12:31:27 IST">
  <testcase classname="inventoryTests.AddProductToCartTest" name="sampleTest" time="0.013">
    <failure type="java.lang.AssertionError" message="null">
      <![CDATA[java.lang.AssertionError: null
at inventoryTests.AddProductToCartTest.sampleTest(AddProductToCartTest.java:53)
at java.base/java.util.ArrayList.forEach(ArrayList.java:1541)
... Removed 29 stack frames]]>
    </failure>
  </testcase> <!-- sampleTest -->
  <testcase classname="inventoryTests.AddProductToCartTest" name="tc_01_AddProductTocartTest" time="0.0">
    <ignored/>
  </testcase> <!-- tc_01_AddProductTocartTest -->
</testsuite> <!-- Default test(failed) -->
